{"total": {"lines":{"total":195,"covered":195,"skipped":0,"pct":100},"statements":{"total":195,"covered":195,"skipped":0,"pct":100},"functions":{"total":18,"covered":18,"skipped":0,"pct":100},"branches":{"total":70,"covered":69,"skipped":0,"pct":98.57},"branchesTrue":{"total":0,"covered":0,"skipped":0,"pct":100}}
,"D:\\信息安全同步\\信息安全项目\\19、AI\\1-AI-coding+research\\2-github_copilot_for_codeReview\\3-SKILLS-codeReview\\1-AI-codeReview\\9-基于skill的AI代码审计平台\\2-基于skill的AI代码审计平台-openAI\\apps\\web\\src\\hooks\\useAuth.ts": {"lines":{"total":44,"covered":44,"skipped":0,"pct":100},"functions":{"total":1,"covered":1,"skipped":0,"pct":100},"statements":{"total":44,"covered":44,"skipped":0,"pct":100},"branches":{"total":10,"covered":10,"skipped":0,"pct":100}}
,"D:\\信息安全同步\\信息安全项目\\19、AI\\1-AI-coding+research\\2-github_copilot_for_codeReview\\3-SKILLS-codeReview\\1-AI-codeReview\\9-基于skill的AI代码审计平台\\2-基于skill的AI代码审计平台-openAI\\apps\\web\\src\\hooks\\useScanSocket.ts": {"lines":{"total":41,"covered":41,"skipped":0,"pct":100},"functions":{"total":2,"covered":2,"skipped":0,"pct":100},"statements":{"total":41,"covered":41,"skipped":0,"pct":100},"branches":{"total":12,"covered":12,"skipped":0,"pct":100}}
,"D:\\信息安全同步\\信息安全项目\\19、AI\\1-AI-coding+research\\2-github_copilot_for_codeReview\\3-SKILLS-codeReview\\1-AI-codeReview\\9-基于skill的AI代码审计平台\\2-基于skill的AI代码审计平台-openAI\\apps\\web\\src\\lib\\api.ts": {"lines":{"total":72,"covered":72,"skipped":0,"pct":100},"functions":{"total":11,"covered":11,"skipped":0,"pct":100},"statements":{"total":72,"covered":72,"skipped":0,"pct":100},"branches":{"total":33,"covered":32,"skipped":0,"pct":96.96}}
,"D:\\信息安全同步\\信息安全项目\\19、AI\\1-AI-coding+research\\2-github_copilot_for_codeReview\\3-SKILLS-codeReview\\1-AI-codeReview\\9-基于skill的AI代码审计平台\\2-基于skill的AI代码审计平台-openAI\\apps\\web\\src\\lib\\scanTypes.ts": {"lines":{"total":34,"covered":34,"skipped":0,"pct":100},"functions":{"total":3,"covered":3,"skipped":0,"pct":100},"statements":{"total":34,"covered":34,"skipped":0,"pct":100},"branches":{"total":14,"covered":14,"skipped":0,"pct":100}}
,"D:\\信息安全同步\\信息安全项目\\19、AI\\1-AI-coding+research\\2-github_copilot_for_codeReview\\3-SKILLS-codeReview\\1-AI-codeReview\\9-基于skill的AI代码审计平台\\2-基于skill的AI代码审计平台-openAI\\apps\\web\\src\\lib\\utils.ts": {"lines":{"total":4,"covered":4,"skipped":0,"pct":100},"functions":{"total":1,"covered":1,"skipped":0,"pct":100},"statements":{"total":4,"covered":4,"skipped":0,"pct":100},"branches":{"total":1,"covered":1,"skipped":0,"pct":100}}
}
