{"total": {"lines":{"total":4734,"covered":3796,"skipped":0,"pct":80.18},"statements":{"total":4734,"covered":3796,"skipped":0,"pct":80.18},"functions":{"total":317,"covered":281,"skipped":0,"pct":88.64},"branches":{"total":1065,"covered":880,"skipped":0,"pct":82.62},"branchesTrue":{"total":0,"covered":0,"skipped":0,"pct":100}}
,"D:\\信息安全同步\\信息安全项目\\19、AI\\1-AI-coding+research\\2-github_copilot_for_codeReview\\3-SKILLS-codeReview\\1-AI-codeReview\\9-基于skill的AI代码审计平台\\2-基于skill的AI代码审计平台-openAI\\apps\\api\\src\\admin\\queue-board\\queue-board-auth.middleware.ts": {"lines":{"total":84,"covered":78,"skipped":0,"pct":92.85},"functions":{"total":3,"covered":3,"skipped":0,"pct":100},"statements":{"total":84,"covered":78,"skipped":0,"pct":92.85},"branches":{"total":28,"covered":26,"skipped":0,"pct":92.85}}
,"D:\\信息安全同步\\信息安全项目\\19、AI\\1-AI-coding+research\\2-github_copilot_for_codeReview\\3-SKILLS-codeReview\\1-AI-codeReview\\9-基于skill的AI代码审计平台\\2-基于skill的AI代码审计平台-openAI\\apps\\api\\src\\admin\\queue-board\\queue-board.controller.ts": {"lines":{"total":8,"covered":8,"skipped":0,"pct":100},"functions":{"total":1,"covered":1,"skipped":0,"pct":100},"statements":{"total":8,"covered":8,"skipped":0,"pct":100},"branches":{"total":1,"covered":1,"skipped":0,"pct":100}}
,"D:\\信息安全同步\\信息安全项目\\19、AI\\1-AI-coding+research\\2-github_copilot_for_codeReview\\3-SKILLS-codeReview\\1-AI-codeReview\\9-基于skill的AI代码审计平台\\2-基于skill的AI代码审计平台-openAI\\apps\\api\\src\\admin\\queue-board\\queue-board.service.ts": {"lines":{"total":43,"covered":42,"skipped":0,"pct":97.67},"functions":{"total":6,"covered":6,"skipped":0,"pct":100},"statements":{"total":43,"covered":42,"skipped":0,"pct":97.67},"branches":{"total":9,"covered":7,"skipped":0,"pct":77.77}}
,"D:\\信息安全同步\\信息安全项目\\19、AI\\1-AI-coding+research\\2-github_copilot_for_codeReview\\3-SKILLS-codeReview\\1-AI-codeReview\\9-基于skill的AI代码审计平台\\2-基于skill的AI代码审计平台-openAI\\apps\\api\\src\\agents\\agents.controller.ts": {"lines":{"total":25,"covered":23,"skipped":0,"pct":92},"functions":{"total":2,"covered":2,"skipped":0,"pct":100},"statements":{"total":25,"covered":23,"skipped":0,"pct":92},"branches":{"total":3,"covered":2,"skipped":0,"pct":66.66}}
,"D:\\信息安全同步\\信息安全项目\\19、AI\\1-AI-coding+research\\2-github_copilot_for_codeReview\\3-SKILLS-codeReview\\1-AI-codeReview\\9-基于skill的AI代码审计平台\\2-基于skill的AI代码审计平台-openAI\\apps\\api\\src\\agents\\loader.ts": {"lines":{"total":50,"covered":49,"skipped":0,"pct":98},"functions":{"total":2,"covered":2,"skipped":0,"pct":100},"statements":{"total":50,"covered":49,"skipped":0,"pct":98},"branches":{"total":13,"covered":11,"skipped":0,"pct":84.61}}
,"D:\\信息安全同步\\信息安全项目\\19、AI\\1-AI-coding+research\\2-github_copilot_for_codeReview\\3-SKILLS-codeReview\\1-AI-codeReview\\9-基于skill的AI代码审计平台\\2-基于skill的AI代码审计平台-openAI\\apps\\api\\src\\auth\\auth.controller.ts": {"lines":{"total":30,"covered":30,"skipped":0,"pct":100},"functions":{"total":4,"covered":4,"skipped":0,"pct":100},"statements":{"total":30,"covered":30,"skipped":0,"pct":100},"branches":{"total":14,"covered":12,"skipped":0,"pct":85.71}}
,"D:\\信息安全同步\\信息安全项目\\19、AI\\1-AI-coding+research\\2-github_copilot_for_codeReview\\3-SKILLS-codeReview\\1-AI-codeReview\\9-基于skill的AI代码审计平台\\2-基于skill的AI代码审计平台-openAI\\apps\\api\\src\\auth\\auth.service.ts": {"lines":{"total":111,"covered":109,"skipped":0,"pct":98.19},"functions":{"total":8,"covered":8,"skipped":0,"pct":100},"statements":{"total":111,"covered":109,"skipped":0,"pct":98.19},"branches":{"total":37,"covered":36,"skipped":0,"pct":97.29}}
,"D:\\信息安全同步\\信息安全项目\\19、AI\\1-AI-coding+research\\2-github_copilot_for_codeReview\\3-SKILLS-codeReview\\1-AI-codeReview\\9-基于skill的AI代码审计平台\\2-基于skill的AI代码审计平台-openAI\\apps\\api\\src\\auth\\current-user.decorator.ts": {"lines":{"total":9,"covered":9,"skipped":0,"pct":100},"functions":{"total":0,"covered":0,"skipped":0,"pct":100},"statements":{"total":9,"covered":9,"skipped":0,"pct":100},"branches":{"total":5,"covered":5,"skipped":0,"pct":100}}
,"D:\\信息安全同步\\信息安全项目\\19、AI\\1-AI-coding+research\\2-github_copilot_for_codeReview\\3-SKILLS-codeReview\\1-AI-codeReview\\9-基于skill的AI代码审计平台\\2-基于skill的AI代码审计平台-openAI\\apps\\api\\src\\auth\\jwt-auth.guard.ts": {"lines":{"total":3,"covered":3,"skipped":0,"pct":100},"functions":{"total":0,"covered":0,"skipped":0,"pct":100},"statements":{"total":3,"covered":3,"skipped":0,"pct":100},"branches":{"total":0,"covered":0,"skipped":0,"pct":100}}
,"D:\\信息安全同步\\信息安全项目\\19、AI\\1-AI-coding+research\\2-github_copilot_for_codeReview\\3-SKILLS-codeReview\\1-AI-codeReview\\9-基于skill的AI代码审计平台\\2-基于skill的AI代码审计平台-openAI\\apps\\api\\src\\auth\\jwt.strategy.ts": {"lines":{"total":14,"covered":14,"skipped":0,"pct":100},"functions":{"total":2,"covered":2,"skipped":0,"pct":100},"statements":{"total":14,"covered":14,"skipped":0,"pct":100},"branches":{"total":2,"covered":2,"skipped":0,"pct":100}}
,"D:\\信息安全同步\\信息安全项目\\19、AI\\1-AI-coding+research\\2-github_copilot_for_codeReview\\3-SKILLS-codeReview\\1-AI-codeReview\\9-基于skill的AI代码审计平台\\2-基于skill的AI代码审计平台-openAI\\apps\\api\\src\\auth\\roles.decorator.ts": {"lines":{"total":4,"covered":4,"skipped":0,"pct":100},"functions":{"total":1,"covered":1,"skipped":0,"pct":100},"statements":{"total":4,"covered":4,"skipped":0,"pct":100},"branches":{"total":1,"covered":1,"skipped":0,"pct":100}}
,"D:\\信息安全同步\\信息安全项目\\19、AI\\1-AI-coding+research\\2-github_copilot_for_codeReview\\3-SKILLS-codeReview\\1-AI-codeReview\\9-基于skill的AI代码审计平台\\2-基于skill的AI代码审计平台-openAI\\apps\\api\\src\\auth\\roles.guard.ts": {"lines":{"total":25,"covered":25,"skipped":0,"pct":100},"functions":{"total":2,"covered":2,"skipped":0,"pct":100},"statements":{"total":25,"covered":25,"skipped":0,"pct":100},"branches":{"total":9,"covered":9,"skipped":0,"pct":100}}
,"D:\\信息安全同步\\信息安全项目\\19、AI\\1-AI-coding+research\\2-github_copilot_for_codeReview\\3-SKILLS-codeReview\\1-AI-codeReview\\9-基于skill的AI代码审计平台\\2-基于skill的AI代码审计平台-openAI\\apps\\api\\src\\code-versions\\code-versions.controller.ts": {"lines":{"total":98,"covered":29,"skipped":0,"pct":29.59},"functions":{"total":8,"covered":3,"skipped":0,"pct":37.5},"statements":{"total":98,"covered":29,"skipped":0,"pct":29.59},"branches":{"total":3,"covered":3,"skipped":0,"pct":100}}
,"D:\\信息安全同步\\信息安全项目\\19、AI\\1-AI-coding+research\\2-github_copilot_for_codeReview\\3-SKILLS-codeReview\\1-AI-codeReview\\9-基于skill的AI代码审计平台\\2-基于skill的AI代码审计平台-openAI\\apps\\api\\src\\code-versions\\code-versions.service.ts": {"lines":{"total":336,"covered":211,"skipped":0,"pct":62.79},"functions":{"total":11,"covered":9,"skipped":0,"pct":81.81},"statements":{"total":336,"covered":211,"skipped":0,"pct":62.79},"branches":{"total":44,"covered":42,"skipped":0,"pct":95.45}}
,"D:\\信息安全同步\\信息安全项目\\19、AI\\1-AI-coding+research\\2-github_copilot_for_codeReview\\3-SKILLS-codeReview\\1-AI-codeReview\\9-基于skill的AI代码审计平台\\2-基于skill的AI代码审计平台-openAI\\apps\\api\\src\\common\\crypto.util.ts": {"lines":{"total":29,"covered":29,"skipped":0,"pct":100},"functions":{"total":4,"covered":4,"skipped":0,"pct":100},"statements":{"total":29,"covered":29,"skipped":0,"pct":100},"branches":{"total":5,"covered":5,"skipped":0,"pct":100}}
,"D:\\信息安全同步\\信息安全项目\\19、AI\\1-AI-coding+research\\2-github_copilot_for_codeReview\\3-SKILLS-codeReview\\1-AI-codeReview\\9-基于skill的AI代码审计平台\\2-基于skill的AI代码审计平台-openAI\\apps\\api\\src\\git-clone\\git-clone.service.ts": {"lines":{"total":323,"covered":255,"skipped":0,"pct":78.94},"functions":{"total":19,"covered":14,"skipped":0,"pct":73.68},"statements":{"total":323,"covered":255,"skipped":0,"pct":78.94},"branches":{"total":99,"covered":67,"skipped":0,"pct":67.67}}
,"D:\\信息安全同步\\信息安全项目\\19、AI\\1-AI-coding+research\\2-github_copilot_for_codeReview\\3-SKILLS-codeReview\\1-AI-codeReview\\9-基于skill的AI代码审计平台\\2-基于skill的AI代码审计平台-openAI\\apps\\api\\src\\git-clone\\github.service.ts": {"lines":{"total":409,"covered":346,"skipped":0,"pct":84.59},"functions":{"total":18,"covered":17,"skipped":0,"pct":94.44},"statements":{"total":409,"covered":346,"skipped":0,"pct":84.59},"branches":{"total":136,"covered":101,"skipped":0,"pct":74.26}}
,"D:\\信息安全同步\\信息安全项目\\19、AI\\1-AI-coding+research\\2-github_copilot_for_codeReview\\3-SKILLS-codeReview\\1-AI-codeReview\\9-基于skill的AI代码审计平台\\2-基于skill的AI代码审计平台-openAI\\apps\\api\\src\\health\\health.controller.ts": {"lines":{"total":25,"covered":25,"skipped":0,"pct":100},"functions":{"total":2,"covered":2,"skipped":0,"pct":100},"statements":{"total":25,"covered":25,"skipped":0,"pct":100},"branches":{"total":2,"covered":2,"skipped":0,"pct":100}}
,"D:\\信息安全同步\\信息安全项目\\19、AI\\1-AI-coding+research\\2-github_copilot_for_codeReview\\3-SKILLS-codeReview\\1-AI-codeReview\\9-基于skill的AI代码审计平台\\2-基于skill的AI代码审计平台-openAI\\apps\\api\\src\\projects\\projects.controller.ts": {"lines":{"total":66,"covered":66,"skipped":0,"pct":100},"functions":{"total":10,"covered":10,"skipped":0,"pct":100},"statements":{"total":66,"covered":66,"skipped":0,"pct":100},"branches":{"total":15,"covered":12,"skipped":0,"pct":80}}
,"D:\\信息安全同步\\信息安全项目\\19、AI\\1-AI-coding+research\\2-github_copilot_for_codeReview\\3-SKILLS-codeReview\\1-AI-codeReview\\9-基于skill的AI代码审计平台\\2-基于skill的AI代码审计平台-openAI\\apps\\api\\src\\projects\\projects.service.ts": {"lines":{"total":213,"covered":213,"skipped":0,"pct":100},"functions":{"total":12,"covered":12,"skipped":0,"pct":100},"statements":{"total":213,"covered":213,"skipped":0,"pct":100},"branches":{"total":43,"covered":36,"skipped":0,"pct":83.72}}
,"D:\\信息安全同步\\信息安全项目\\19、AI\\1-AI-coding+research\\2-github_copilot_for_codeReview\\3-SKILLS-codeReview\\1-AI-codeReview\\9-基于skill的AI代码审计平台\\2-基于skill的AI代码审计平台-openAI\\apps\\api\\src\\realtime\\scan.gateway.ts": {"lines":{"total":41,"covered":41,"skipped":0,"pct":100},"functions":{"total":6,"covered":6,"skipped":0,"pct":100},"statements":{"total":41,"covered":41,"skipped":0,"pct":100},"branches":{"total":10,"covered":10,"skipped":0,"pct":100}}
,"D:\\信息安全同步\\信息安全项目\\19、AI\\1-AI-coding+research\\2-github_copilot_for_codeReview\\3-SKILLS-codeReview\\1-AI-codeReview\\9-基于skill的AI代码审计平台\\2-基于skill的AI代码审计平台-openAI\\apps\\api\\src\\report\\report.controller.ts": {"lines":{"total":31,"covered":31,"skipped":0,"pct":100},"functions":{"total":4,"covered":4,"skipped":0,"pct":100},"statements":{"total":31,"covered":31,"skipped":0,"pct":100},"branches":{"total":6,"covered":6,"skipped":0,"pct":100}}
,"D:\\信息安全同步\\信息安全项目\\19、AI\\1-AI-coding+research\\2-github_copilot_for_codeReview\\3-SKILLS-codeReview\\1-AI-codeReview\\9-基于skill的AI代码审计平台\\2-基于skill的AI代码审计平台-openAI\\apps\\api\\src\\report\\report.service.ts": {"lines":{"total":315,"covered":236,"skipped":0,"pct":74.92},"functions":{"total":7,"covered":6,"skipped":0,"pct":85.71},"statements":{"total":315,"covered":236,"skipped":0,"pct":74.92},"branches":{"total":47,"covered":16,"skipped":0,"pct":34.04}}
,"D:\\信息安全同步\\信息安全项目\\19、AI\\1-AI-coding+research\\2-github_copilot_for_codeReview\\3-SKILLS-codeReview\\1-AI-codeReview\\9-基于skill的AI代码审计平台\\2-基于skill的AI代码审计平台-openAI\\apps\\api\\src\\scan\\coverage.util.ts": {"lines":{"total":171,"covered":168,"skipped":0,"pct":98.24},"functions":{"total":6,"covered":6,"skipped":0,"pct":100},"statements":{"total":171,"covered":168,"skipped":0,"pct":98.24},"branches":{"total":79,"covered":73,"skipped":0,"pct":92.4}}
,"D:\\信息安全同步\\信息安全项目\\19、AI\\1-AI-coding+research\\2-github_copilot_for_codeReview\\3-SKILLS-codeReview\\1-AI-codeReview\\9-基于skill的AI代码审计平台\\2-基于skill的AI代码审计平台-openAI\\apps\\api\\src\\scan\\scan-diff.controller.ts": {"lines":{"total":16,"covered":16,"skipped":0,"pct":100},"functions":{"total":2,"covered":2,"skipped":0,"pct":100},"statements":{"total":16,"covered":16,"skipped":0,"pct":100},"branches":{"total":5,"covered":5,"skipped":0,"pct":100}}
,"D:\\信息安全同步\\信息安全项目\\19、AI\\1-AI-coding+research\\2-github_copilot_for_codeReview\\3-SKILLS-codeReview\\1-AI-codeReview\\9-基于skill的AI代码审计平台\\2-基于skill的AI代码审计平台-openAI\\apps\\api\\src\\scan\\scan-diff.service.ts": {"lines":{"total":74,"covered":74,"skipped":0,"pct":100},"functions":{"total":4,"covered":4,"skipped":0,"pct":100},"statements":{"total":74,"covered":74,"skipped":0,"pct":100},"branches":{"total":13,"covered":13,"skipped":0,"pct":100}}
,"D:\\信息安全同步\\信息安全项目\\19、AI\\1-AI-coding+research\\2-github_copilot_for_codeReview\\3-SKILLS-codeReview\\1-AI-codeReview\\9-基于skill的AI代码审计平台\\2-基于skill的AI代码审计平台-openAI\\apps\\api\\src\\scan\\scan-diff.util.ts": {"lines":{"total":126,"covered":125,"skipped":0,"pct":99.2},"functions":{"total":5,"covered":5,"skipped":0,"pct":100},"statements":{"total":126,"covered":125,"skipped":0,"pct":99.2},"branches":{"total":35,"covered":34,"skipped":0,"pct":97.14}}
,"D:\\信息安全同步\\信息安全项目\\19、AI\\1-AI-coding+research\\2-github_copilot_for_codeReview\\3-SKILLS-codeReview\\1-AI-codeReview\\9-基于skill的AI代码审计平台\\2-基于skill的AI代码审计平台-openAI\\apps\\api\\src\\scan\\scan-queue.service.ts": {"lines":{"total":109,"covered":102,"skipped":0,"pct":93.57},"functions":{"total":10,"covered":9,"skipped":0,"pct":90},"statements":{"total":109,"covered":102,"skipped":0,"pct":93.57},"branches":{"total":30,"covered":26,"skipped":0,"pct":86.66}}
,"D:\\信息安全同步\\信息安全项目\\19、AI\\1-AI-coding+research\\2-github_copilot_for_codeReview\\3-SKILLS-codeReview\\1-AI-codeReview\\9-基于skill的AI代码审计平台\\2-基于skill的AI代码审计平台-openAI\\apps\\api\\src\\scan\\scan-runner.service.ts": {"lines":{"total":467,"covered":34,"skipped":0,"pct":7.28},"functions":{"total":23,"covered":4,"skipped":0,"pct":17.39},"statements":{"total":467,"covered":34,"skipped":0,"pct":7.28},"branches":{"total":6,"covered":4,"skipped":0,"pct":66.66}}
,"D:\\信息安全同步\\信息安全项目\\19、AI\\1-AI-coding+research\\2-github_copilot_for_codeReview\\3-SKILLS-codeReview\\1-AI-codeReview\\9-基于skill的AI代码审计平台\\2-基于skill的AI代码审计平台-openAI\\apps\\api\\src\\scan\\scan.controller.ts": {"lines":{"total":51,"covered":46,"skipped":0,"pct":90.19},"functions":{"total":8,"covered":7,"skipped":0,"pct":87.5},"statements":{"total":51,"covered":46,"skipped":0,"pct":90.19},"branches":{"total":10,"covered":10,"skipped":0,"pct":100}}
,"D:\\信息安全同步\\信息安全项目\\19、AI\\1-AI-coding+research\\2-github_copilot_for_codeReview\\3-SKILLS-codeReview\\1-AI-codeReview\\9-基于skill的AI代码审计平台\\2-基于skill的AI代码审计平台-openAI\\apps\\api\\src\\scan\\scan.processor.ts": {"lines":{"total":40,"covered":29,"skipped":0,"pct":72.5},"functions":{"total":3,"covered":3,"skipped":0,"pct":100},"statements":{"total":40,"covered":29,"skipped":0,"pct":72.5},"branches":{"total":13,"covered":9,"skipped":0,"pct":69.23}}
,"D:\\信息安全同步\\信息安全项目\\19、AI\\1-AI-coding+research\\2-github_copilot_for_codeReview\\3-SKILLS-codeReview\\1-AI-codeReview\\9-基于skill的AI代码审计平台\\2-基于skill的AI代码审计平台-openAI\\apps\\api\\src\\scan\\scan.service.ts": {"lines":{"total":174,"covered":163,"skipped":0,"pct":93.67},"functions":{"total":10,"covered":9,"skipped":0,"pct":90},"statements":{"total":174,"covered":163,"skipped":0,"pct":93.67},"branches":{"total":28,"covered":27,"skipped":0,"pct":96.42}}
,"D:\\信息安全同步\\信息安全项目\\19、AI\\1-AI-coding+research\\2-github_copilot_for_codeReview\\3-SKILLS-codeReview\\1-AI-codeReview\\9-基于skill的AI代码审计平台\\2-基于skill的AI代码审计平台-openAI\\apps\\api\\src\\scan\\tools\\code-tools.service.ts": {"lines":{"total":235,"covered":219,"skipped":0,"pct":93.19},"functions":{"total":13,"covered":13,"skipped":0,"pct":100},"statements":{"total":235,"covered":219,"skipped":0,"pct":93.19},"branches":{"total":46,"covered":39,"skipped":0,"pct":84.78}}
,"D:\\信息安全同步\\信息安全项目\\19、AI\\1-AI-coding+research\\2-github_copilot_for_codeReview\\3-SKILLS-codeReview\\1-AI-codeReview\\9-基于skill的AI代码审计平台\\2-基于skill的AI代码审计平台-openAI\\apps\\api\\src\\settings\\git-credentials.controller.ts": {"lines":{"total":34,"covered":34,"skipped":0,"pct":100},"functions":{"total":6,"covered":6,"skipped":0,"pct":100},"statements":{"total":34,"covered":34,"skipped":0,"pct":100},"branches":{"total":7,"covered":6,"skipped":0,"pct":85.71}}
,"D:\\信息安全同步\\信息安全项目\\19、AI\\1-AI-coding+research\\2-github_copilot_for_codeReview\\3-SKILLS-codeReview\\1-AI-codeReview\\9-基于skill的AI代码审计平台\\2-基于skill的AI代码审计平台-openAI\\apps\\api\\src\\settings\\git-credentials.service.ts": {"lines":{"total":134,"covered":114,"skipped":0,"pct":85.07},"functions":{"total":9,"covered":9,"skipped":0,"pct":100},"statements":{"total":134,"covered":114,"skipped":0,"pct":85.07},"branches":{"total":49,"covered":29,"skipped":0,"pct":59.18}}
,"D:\\信息安全同步\\信息安全项目\\19、AI\\1-AI-coding+research\\2-github_copilot_for_codeReview\\3-SKILLS-codeReview\\1-AI-codeReview\\9-基于skill的AI代码审计平台\\2-基于skill的AI代码审计平台-openAI\\apps\\api\\src\\settings\\openai-test.client.ts": {"lines":{"total":9,"covered":9,"skipped":0,"pct":100},"functions":{"total":2,"covered":2,"skipped":0,"pct":100},"statements":{"total":9,"covered":9,"skipped":0,"pct":100},"branches":{"total":3,"covered":3,"skipped":0,"pct":100}}
,"D:\\信息安全同步\\信息安全项目\\19、AI\\1-AI-coding+research\\2-github_copilot_for_codeReview\\3-SKILLS-codeReview\\1-AI-codeReview\\9-基于skill的AI代码审计平台\\2-基于skill的AI代码审计平台-openAI\\apps\\api\\src\\settings\\proxy-config.controller.ts": {"lines":{"total":21,"covered":21,"skipped":0,"pct":100},"functions":{"total":4,"covered":4,"skipped":0,"pct":100},"statements":{"total":21,"covered":21,"skipped":0,"pct":100},"branches":{"total":6,"covered":6,"skipped":0,"pct":100}}
,"D:\\信息安全同步\\信息安全项目\\19、AI\\1-AI-coding+research\\2-github_copilot_for_codeReview\\3-SKILLS-codeReview\\1-AI-codeReview\\9-基于skill的AI代码审计平台\\2-基于skill的AI代码审计平台-openAI\\apps\\api\\src\\settings\\proxy-config.service.ts": {"lines":{"total":147,"covered":134,"skipped":0,"pct":91.15},"functions":{"total":8,"covered":8,"skipped":0,"pct":100},"statements":{"total":147,"covered":134,"skipped":0,"pct":91.15},"branches":{"total":43,"covered":34,"skipped":0,"pct":79.06}}
,"D:\\信息安全同步\\信息安全项目\\19、AI\\1-AI-coding+research\\2-github_copilot_for_codeReview\\3-SKILLS-codeReview\\1-AI-codeReview\\9-基于skill的AI代码审计平台\\2-基于skill的AI代码审计平台-openAI\\apps\\api\\src\\settings\\settings.controller.ts": {"lines":{"total":73,"covered":71,"skipped":0,"pct":97.26},"functions":{"total":8,"covered":8,"skipped":0,"pct":100},"statements":{"total":73,"covered":71,"skipped":0,"pct":97.26},"branches":{"total":12,"covered":10,"skipped":0,"pct":83.33}}
,"D:\\信息安全同步\\信息安全项目\\19、AI\\1-AI-coding+research\\2-github_copilot_for_codeReview\\3-SKILLS-codeReview\\1-AI-codeReview\\9-基于skill的AI代码审计平台\\2-基于skill的AI代码审计平台-openAI\\apps\\api\\src\\settings\\settings.service.ts": {"lines":{"total":101,"covered":101,"skipped":0,"pct":100},"functions":{"total":9,"covered":9,"skipped":0,"pct":100},"statements":{"total":101,"covered":101,"skipped":0,"pct":100},"branches":{"total":32,"covered":29,"skipped":0,"pct":90.62}}
,"D:\\信息安全同步\\信息安全项目\\19、AI\\1-AI-coding+research\\2-github_copilot_for_codeReview\\3-SKILLS-codeReview\\1-AI-codeReview\\9-基于skill的AI代码审计平台\\2-基于skill的AI代码审计平台-openAI\\apps\\api\\src\\skill-bundles\\skill-bundles.controller.ts": {"lines":{"total":29,"covered":29,"skipped":0,"pct":100},"functions":{"total":6,"covered":6,"skipped":0,"pct":100},"statements":{"total":29,"covered":29,"skipped":0,"pct":100},"branches":{"total":10,"covered":10,"skipped":0,"pct":100}}
,"D:\\信息安全同步\\信息安全项目\\19、AI\\1-AI-coding+research\\2-github_copilot_for_codeReview\\3-SKILLS-codeReview\\1-AI-codeReview\\9-基于skill的AI代码审计平台\\2-基于skill的AI代码审计平台-openAI\\apps\\api\\src\\skill-bundles\\skill-bundles.service.ts": {"lines":{"total":93,"covered":93,"skipped":0,"pct":100},"functions":{"total":10,"covered":10,"skipped":0,"pct":100},"statements":{"total":93,"covered":93,"skipped":0,"pct":100},"branches":{"total":27,"covered":25,"skipped":0,"pct":92.59}}
,"D:\\信息安全同步\\信息安全项目\\19、AI\\1-AI-coding+research\\2-github_copilot_for_codeReview\\3-SKILLS-codeReview\\1-AI-codeReview\\9-基于skill的AI代码审计平台\\2-基于skill的AI代码审计平台-openAI\\apps\\api\\src\\storage\\storage-paths.ts": {"lines":{"total":18,"covered":18,"skipped":0,"pct":100},"functions":{"total":5,"covered":5,"skipped":0,"pct":100},"statements":{"total":18,"covered":18,"skipped":0,"pct":100},"branches":{"total":6,"covered":6,"skipped":0,"pct":100}}
,"D:\\信息安全同步\\信息安全项目\\19、AI\\1-AI-coding+research\\2-github_copilot_for_codeReview\\3-SKILLS-codeReview\\1-AI-codeReview\\9-基于skill的AI代码审计平台\\2-基于skill的AI代码审计平台-openAI\\apps\\api\\src\\storage\\storage.service.ts": {"lines":{"total":13,"covered":13,"skipped":0,"pct":100},"functions":{"total":3,"covered":3,"skipped":0,"pct":100},"statements":{"total":13,"covered":13,"skipped":0,"pct":100},"branches":{"total":3,"covered":3,"skipped":0,"pct":100}}
,"D:\\信息安全同步\\信息安全项目\\19、AI\\1-AI-coding+research\\2-github_copilot_for_codeReview\\3-SKILLS-codeReview\\1-AI-codeReview\\9-基于skill的AI代码审计平台\\2-基于skill的AI代码审计平台-openAI\\apps\\api\\src\\users\\users.controller.ts": {"lines":{"total":31,"covered":31,"skipped":0,"pct":100},"functions":{"total":6,"covered":6,"skipped":0,"pct":100},"statements":{"total":31,"covered":31,"skipped":0,"pct":100},"branches":{"total":6,"covered":6,"skipped":0,"pct":100}}
,"D:\\信息安全同步\\信息安全项目\\19、AI\\1-AI-coding+research\\2-github_copilot_for_codeReview\\3-SKILLS-codeReview\\1-AI-codeReview\\9-基于skill的AI代码审计平台\\2-基于skill的AI代码审计平台-openAI\\apps\\api\\src\\users\\users.service.ts": {"lines":{"total":86,"covered":86,"skipped":0,"pct":100},"functions":{"total":9,"covered":9,"skipped":0,"pct":100},"statements":{"total":86,"covered":86,"skipped":0,"pct":100},"branches":{"total":16,"covered":14,"skipped":0,"pct":87.5}}
,"D:\\信息安全同步\\信息安全项目\\19、AI\\1-AI-coding+research\\2-github_copilot_for_codeReview\\3-SKILLS-codeReview\\1-AI-codeReview\\9-基于skill的AI代码审计平台\\2-基于skill的AI代码审计平台-openAI\\apps\\api\\src\\vulns\\vuln-library.service.ts": {"lines":{"total":104,"covered":104,"skipped":0,"pct":100},"functions":{"total":6,"covered":6,"skipped":0,"pct":100},"statements":{"total":104,"covered":104,"skipped":0,"pct":100},"branches":{"total":28,"covered":27,"skipped":0,"pct":96.42}}
,"D:\\信息安全同步\\信息安全项目\\19、AI\\1-AI-coding+research\\2-github_copilot_for_codeReview\\3-SKILLS-codeReview\\1-AI-codeReview\\9-基于skill的AI代码审计平台\\2-基于skill的AI代码审计平台-openAI\\apps\\api\\src\\vulns\\vuln.service.ts": {"lines":{"total":51,"covered":51,"skipped":0,"pct":100},"functions":{"total":4,"covered":4,"skipped":0,"pct":100},"statements":{"total":51,"covered":51,"skipped":0,"pct":100},"branches":{"total":14,"covered":14,"skipped":0,"pct":100}}
,"D:\\信息安全同步\\信息安全项目\\19、AI\\1-AI-coding+research\\2-github_copilot_for_codeReview\\3-SKILLS-codeReview\\1-AI-codeReview\\9-基于skill的AI代码审计平台\\2-基于skill的AI代码审计平台-openAI\\apps\\api\\src\\vulns\\vulns.controller.ts": {"lines":{"total":35,"covered":35,"skipped":0,"pct":100},"functions":{"total":6,"covered":6,"skipped":0,"pct":100},"statements":{"total":35,"covered":35,"skipped":0,"pct":100},"branches":{"total":6,"covered":6,"skipped":0,"pct":100}}
}
